<?xml version="1.0" encoding="UTF-8"?>
<!-- Generated by org.testng.reporters.JUnitXMLReporter -->
<testsuite hostname="Apples-MacBook-Pro.local" ignored="0" name="test" tests="3" failures="0" timestamp="06 Jul 2019 07:22:56 GMT" time="25.141" errors="0">
  <testcase name="listEvent" time="11.678" classname="com.nkma.nangkhieumyanh.Scripts.NKMAScripts"/>
  <testcase name="verifyBomonNangKhieuDisplay" time="6.376" classname="com.nkma.nangkhieumyanh.Scripts.NKMAScripts"/>
  <testcase name="verifyIntroPageDisplay" time="7.059" classname="com.nkma.nangkhieumyanh.Scripts.NKMAScripts"/>
</testsuite> <!-- test -->
